[2020-12-15 18:20:16,511][TwitterBot.scraper.notifications{get_notifications:7}][INFO]: Getting Notifications
[2020-12-15 18:20:16,512][TwitterBot.scraper.followers{get_followers:7}][INFO]: Getting Followers
[2020-12-15 18:20:16,513][TwitterBot.scraper.following{get_following:7}][INFO]: Getting Following
[2020-12-15 18:21:04,950][TwitterBot.scraper.notifications {get_notifications:7}][INFO]: Getting Notifications
[2020-12-15 18:21:04,951][TwitterBot.scraper.followers { get_followers:7 }][INFO]: Getting Followers
[2020-12-15 18:21:04,951][TwitterBot.scraper.following ( get_following:7 )] [INFO]: Getting Following
[2020-12-16 04:41:28,959][TwitterBot.scraper.notifications {get_notifications:7}] [INFO]: Getting Notifications
[2020-12-16 04:41:28,959][TwitterBot.scraper.followers {get_followers:7}] [INFO]: Getting Followers
[2020-12-16 04:41:28,960][TwitterBot.scraper.following {get_following:7}] [INFO]: Getting Following
[2020-12-16 04:41:28,960][TwitterBot.db.db_handler {__init__:30}] [INFO]: Initializing DB...
[2020-12-16 04:42:08,409][TwitterBot.scraper.notifications {get_notifications:7}] [INFO]: Getting Notifications
[2020-12-16 04:42:08,410][TwitterBot.scraper.followers {get_followers:7}] [INFO]: Getting Followers
[2020-12-16 04:42:08,410][TwitterBot.scraper.following {get_following:7}] [INFO]: Getting Following
[2020-12-16 04:42:08,410][TwitterBot.db.db_handler {__init__:30}] [INFO]: Initializing DB...
[2020-12-18 13:29:11,757][TwitterBot.scraper.notifications {get_notifications:7}] [INFO]: Getting Notifications
[2020-12-18 13:29:11,757][TwitterBot.scraper.followers {get_followers:7}] [INFO]: Getting Followers
[2020-12-18 13:29:11,758][TwitterBot.scraper.following {get_following:7}] [INFO]: Getting Following
[2020-12-18 13:29:11,758][TwitterBot.db.db_handler {__init__:30}] [INFO]: Initializing DB...
[2020-12-18 13:33:21,113][TwitterBot.scraper.notifications {get_notifications:7}] [INFO]: Getting Notifications
[2020-12-18 13:33:21,113][TwitterBot.scraper.followers {get_followers:7}] [INFO]: Getting Followers
[2020-12-18 13:33:21,113][TwitterBot.scraper.following {get_following:7}] [INFO]: Getting Following
[2020-12-18 13:33:21,114][TwitterBot.db.db_handler {__init__:30}] [INFO]: Initializing DB...
